<?xml version="1.0" encoding="utf-8"?><testsuites name="pytest tests"><testsuite name="pytest" errors="0" failures="0" skipped="0" tests="24" time="4.876" timestamp="2026-02-13T10:25:10.442491+00:00" hostname="agent-env-4593e3e7-b5bf-4472-b7ce-0eca82347d92"><testcase classname="backend.tests.test_capture_api.TestHealthEndpoint" name="test_health_check" time="0.148" /><testcase classname="backend.tests.test_capture_api.TestUserEndpoints" name="test_create_user" time="0.185" /><testcase classname="backend.tests.test_capture_api.TestUserEndpoints" name="test_get_user_not_found" time="0.111" /><testcase classname="backend.tests.test_capture_api.TestTerritoryEndpoints" name="test_get_territories" time="0.098" /><testcase classname="backend.tests.test_capture_api.TestTerritoryEndpoints" name="test_create_territory" time="0.107" /><testcase classname="backend.tests.test_capture_api.TestTerritoryEndpoints" name="test_get_territory_by_id" time="0.202" /><testcase classname="backend.tests.test_capture_api.TestTerritoryEndpoints" name="test_delete_territory" time="0.308" /><testcase classname="backend.tests.test_capture_api.TestTerritoryClaimEndpoint" name="test_claim_territory" time="0.460" /><testcase classname="backend.tests.test_capture_api.TestTerritoryClaimEndpoint" name="test_claim_nonexistent_territory" time="0.113" /><testcase classname="backend.tests.test_capture_api.TestBrandTerritoryEndpoints" name="test_get_brand_territories" time="0.103" /><testcase classname="backend.tests.test_capture_api.TestImageProxyEndpoint" name="test_proxy_image_muscleblaze" time="0.269" /><testcase classname="backend.tests.test_capture_api.TestImageProxyEndpoint" name="test_proxy_image_superyou" time="0.202" /><testcase classname="backend.tests.test_capture_api.TestImageProxyEndpoint" name="test_proxy_image_thewholetruth" time="0.202" /><testcase classname="backend.tests.test_capture_api.TestImageProxyEndpoint" name="test_proxy_image_invalid_domain" time="0.096" /><testcase classname="backend.tests.test_capture_api.TestProfilePictureEndpoints" name="test_get_profile_picture_not_found" time="0.110" /><testcase classname="backend.tests.test_capture_api.TestProfilePictureEndpoints" name="test_upload_and_get_profile_picture" time="0.320" /><testcase classname="backend.tests.test_capture_api.TestUserPreferencesEndpoints" name="test_get_preferences_default" time="0.198" /><testcase classname="backend.tests.test_capture_api.TestUserPreferencesEndpoints" name="test_patch_theme_toggle" time="0.287" /><testcase classname="backend.tests.test_capture_api.TestUserPreferencesEndpoints" name="test_patch_territory_color" time="0.200" /><testcase classname="backend.tests.test_capture_api.TestUserPreferencesEndpoints" name="test_patch_preferences_unit_and_activity" time="0.213" /><testcase classname="backend.tests.test_capture_api.TestUserPreferencesEndpoints" name="test_patch_notifications_toggle" time="0.205" /><testcase classname="backend.tests.test_capture_api.TestUserPreferencesEndpoints" name="test_patch_privacy_toggle" time="0.279" /><testcase classname="backend.tests.test_capture_api.TestUserPreferencesEndpoints" name="test_patch_multiple_preferences_at_once" time="0.197" /><testcase classname="backend.tests.test_capture_api.TestLeaderboardEndpoint" name="test_get_leaderboard" time="0.111" /></testsuite></testsuites>