<?xml version="1.0" encoding="utf-8"?><testsuites name="pytest tests"><testsuite name="pytest" errors="0" failures="0" skipped="0" tests="15" time="1.689" timestamp="2026-02-12T20:12:34.502664+00:00" hostname="agent-env-13e6e66a-9cf7-4b2b-9d60-45251947368f"><testcase classname="backend.tests.test_capture_api.TestHealthEndpoint" name="test_health_check" time="0.118" /><testcase classname="backend.tests.test_capture_api.TestUserEndpoints" name="test_create_user" time="0.082" /><testcase classname="backend.tests.test_capture_api.TestUserEndpoints" name="test_get_user_not_found" time="0.036" /><testcase classname="backend.tests.test_capture_api.TestTerritoryEndpoints" name="test_get_territories" time="0.040" /><testcase classname="backend.tests.test_capture_api.TestTerritoryEndpoints" name="test_create_territory" time="0.052" /><testcase classname="backend.tests.test_capture_api.TestTerritoryEndpoints" name="test_get_territory_by_id" time="0.086" /><testcase classname="backend.tests.test_capture_api.TestTerritoryEndpoints" name="test_delete_territory" time="0.124" /><testcase classname="backend.tests.test_capture_api.TestBrandTerritoryEndpoints" name="test_get_brand_territories" time="0.036" /><testcase classname="backend.tests.test_capture_api.TestImageProxyEndpoint" name="test_proxy_image_muscleblaze" time="0.261" /><testcase classname="backend.tests.test_capture_api.TestImageProxyEndpoint" name="test_proxy_image_superyou" time="0.225" /><testcase classname="backend.tests.test_capture_api.TestImageProxyEndpoint" name="test_proxy_image_thewholetruth" time="0.209" /><testcase classname="backend.tests.test_capture_api.TestImageProxyEndpoint" name="test_proxy_image_invalid_domain" time="0.032" /><testcase classname="backend.tests.test_capture_api.TestProfilePictureEndpoints" name="test_get_profile_picture_not_found" time="0.035" /><testcase classname="backend.tests.test_capture_api.TestProfilePictureEndpoints" name="test_upload_and_get_profile_picture" time="0.169" /><testcase classname="backend.tests.test_capture_api.TestLeaderboardEndpoint" name="test_get_leaderboard" time="0.062" /></testsuite></testsuites>